<?xml version="1.0" encoding="UTF-8"?>
<testsuite name="Run on Firefox"
           tests="3"
           failures="0"
           errors="0"
           skipped="0"
           time="6.869">
  <properties />
  
  
            <testcase name="User_03_My_Account" time="0.839" classname="com.nopcommerce.user.Level_18_Manage_Data_Json" />
                <testcase name="User_01_Register_Login" time="4.665" classname="com.nopcommerce.user.Level_18_Manage_Data_Json" />
                <testcase name="User_02_Login" time="1.365" classname="com.nopcommerce.user.Level_18_Manage_Data_Json" />
      
</testsuite>
